<?xml version="1.0" encoding="UTF-8"?>
<testsuite xmlns:xsi="http://www.w3.org/2001/XMLSchema-instance" xsi:noNamespaceSchemaLocation="https://maven.apache.org/surefire/maven-surefire-plugin/xsd/surefire-test-report-3.0.xsd" version="3.0" name="mtsPageObjectTest" time="16.944" tests="6" errors="0" skipped="0" failures="0">
  <properties>
    <property name="sun.desktop" value="windows"/>
    <property name="awt.toolkit" value="sun.awt.windows.WToolkit"/>
    <property name="file.encoding.pkg" value="sun.io"/>
    <property name="java.specification.version" value="1.8"/>
    <property name="webdriver.chrome.driver" value="C:\Users\Михаил\.cache\selenium\chromedriver\win32\129.0.6668.70\chromedriver.exe"/>
    <property name="sun.cpu.isalist" value="amd64"/>
    <property name="sun.jnu.encoding" value="Cp1251"/>
    <property name="java.class.path" value="C:\Users\Михаил\IdeaProjects\Homework_10\target\test-classes;C:\Users\Михаил\IdeaProjects\Homework_10\target\classes;C:\Users\Михаил\.m2\repository\io\qameta\allure\allure-testng\2.17.3\allure-testng-2.17.3.jar;C:\Users\Михаил\.m2\repository\org\testng\testng\6.14.3\testng-6.14.3.jar;C:\Users\Михаил\.m2\repository\com\beust\jcommander\1.72\jcommander-1.72.jar;C:\Users\Михаил\.m2\repository\org\apache-extras\beanshell\bsh\2.0b6\bsh-2.0b6.jar;C:\Users\Михаил\.m2\repository\io\qameta\allure\allure-test-filter\2.17.3\allure-test-filter-2.17.3.jar;C:\Users\Михаил\.m2\repository\org\slf4j\slf4j-api\1.7.30\slf4j-api-1.7.30.jar;C:\Users\Михаил\.m2\repository\org\junit\jupiter\junit-jupiter\5.7.0\junit-jupiter-5.7.0.jar;C:\Users\Михаил\.m2\repository\org\junit\jupiter\junit-jupiter-api\5.7.0\junit-jupiter-api-5.7.0.jar;C:\Users\Михаил\.m2\repository\org\opentest4j\opentest4j\1.2.0\opentest4j-1.2.0.jar;C:\Users\Михаил\.m2\repository\org\junit\platform\junit-platform-commons\1.7.0\junit-platform-commons-1.7.0.jar;C:\Users\Михаил\.m2\repository\org\junit\jupiter\junit-jupiter-params\5.7.0\junit-jupiter-params-5.7.0.jar;C:\Users\Михаил\.m2\repository\org\junit\jupiter\junit-jupiter-engine\5.7.0\junit-jupiter-engine-5.7.0.jar;C:\Users\Михаил\.m2\repository\org\seleniumhq\selenium\selenium-java\3.141.59\selenium-java-3.141.59.jar;C:\Users\Михаил\.m2\repository\org\seleniumhq\selenium\selenium-api\3.141.59\selenium-api-3.141.59.jar;C:\Users\Михаил\.m2\repository\org\seleniumhq\selenium\selenium-chrome-driver\3.141.59\selenium-chrome-driver-3.141.59.jar;C:\Users\Михаил\.m2\repository\org\seleniumhq\selenium\selenium-edge-driver\3.141.59\selenium-edge-driver-3.141.59.jar;C:\Users\Михаил\.m2\repository\org\seleniumhq\selenium\selenium-firefox-driver\3.141.59\selenium-firefox-driver-3.141.59.jar;C:\Users\Михаил\.m2\repository\org\seleniumhq\selenium\selenium-ie-driver\3.141.59\selenium-ie-driver-3.141.59.jar;C:\Users\Михаил\.m2\repository\org\seleniumhq\selenium\selenium-opera-driver\3.141.59\selenium-opera-driver-3.141.59.jar;C:\Users\Михаил\.m2\repository\org\seleniumhq\selenium\selenium-remote-driver\3.141.59\selenium-remote-driver-3.141.59.jar;C:\Users\Михаил\.m2\repository\org\seleniumhq\selenium\selenium-safari-driver\3.141.59\selenium-safari-driver-3.141.59.jar;C:\Users\Михаил\.m2\repository\org\seleniumhq\selenium\selenium-support\3.141.59\selenium-support-3.141.59.jar;C:\Users\Михаил\.m2\repository\net\bytebuddy\byte-buddy\1.8.15\byte-buddy-1.8.15.jar;C:\Users\Михаил\.m2\repository\org\apache\commons\commons-exec\1.3\commons-exec-1.3.jar;C:\Users\Михаил\.m2\repository\com\google\guava\guava\25.0-jre\guava-25.0-jre.jar;C:\Users\Михаил\.m2\repository\com\google\code\findbugs\jsr305\1.3.9\jsr305-1.3.9.jar;C:\Users\Михаил\.m2\repository\org\checkerframework\checker-compat-qual\2.0.0\checker-compat-qual-2.0.0.jar;C:\Users\Михаил\.m2\repository\com\google\errorprone\error_prone_annotations\2.1.3\error_prone_annotations-2.1.3.jar;C:\Users\Михаил\.m2\repository\com\google\j2objc\j2objc-annotations\1.1\j2objc-annotations-1.1.jar;C:\Users\Михаил\.m2\repository\org\codehaus\mojo\animal-sniffer-annotations\1.14\animal-sniffer-annotations-1.14.jar;C:\Users\Михаил\.m2\repository\com\squareup\okhttp3\okhttp\3.11.0\okhttp-3.11.0.jar;C:\Users\Михаил\.m2\repository\com\squareup\okio\okio\1.14.0\okio-1.14.0.jar;C:\Users\Михаил\.m2\repository\io\github\bonigarcia\webdrivermanager\5.5.3\webdrivermanager-5.5.3.jar;C:\Users\Михаил\.m2\repository\com\google\code\gson\gson\2.10.1\gson-2.10.1.jar;C:\Users\Михаил\.m2\repository\com\github\docker-java\docker-java\3.3.3\docker-java-3.3.3.jar;C:\Users\Михаил\.m2\repository\com\github\docker-java\docker-java-core\3.3.3\docker-java-core-3.3.3.jar;C:\Users\Михаил\.m2\repository\com\github\docker-java\docker-java-api\3.3.3\docker-java-api-3.3.3.jar;C:\Users\Михаил\.m2\repository\com\fasterxml\jackson\core\jackson-annotations\2.10.3\jackson-annotations-2.10.3.jar;C:\Users\Михаил\.m2\repository\commons-io\commons-io\2.6\commons-io-2.6.jar;C:\Users\Михаил\.m2\repository\org\apache\commons\commons-compress\1.21\commons-compress-1.21.jar;C:\Users\Михаил\.m2\repository\com\fasterxml\jackson\core\jackson-databind\2.10.3\jackson-databind-2.10.3.jar;C:\Users\Михаил\.m2\repository\com\fasterxml\jackson\core\jackson-core\2.10.3\jackson-core-2.10.3.jar;C:\Users\Михаил\.m2\repository\org\bouncycastle\bcpkix-jdk18on\1.75\bcpkix-jdk18on-1.75.jar;C:\Users\Михаил\.m2\repository\org\bouncycastle\bcprov-jdk18on\1.75\bcprov-jdk18on-1.75.jar;C:\Users\Михаил\.m2\repository\org\bouncycastle\bcutil-jdk18on\1.75\bcutil-jdk18on-1.75.jar;C:\Users\Михаил\.m2\repository\org\slf4j\jcl-over-slf4j\1.7.30\jcl-over-slf4j-1.7.30.jar;C:\Users\Михаил\.m2\repository\com\github\docker-java\docker-java-transport-httpclient5\3.3.3\docker-java-transport-httpclient5-3.3.3.jar;C:\Users\Михаил\.m2\repository\com\github\docker-java\docker-java-transport\3.3.3\docker-java-transport-3.3.3.jar;C:\Users\Михаил\.m2\repository\net\java\dev\jna\jna\5.12.1\jna-5.12.1.jar;C:\Users\Михаил\.m2\repository\org\brotli\dec\0.1.2\dec-0.1.2.jar;C:\Users\Михаил\.m2\repository\org\apache\commons\commons-lang3\3.13.0\commons-lang3-3.13.0.jar;C:\Users\Михаил\.m2\repository\org\apache\httpcomponents\client5\httpclient5\5.2.1\httpclient5-5.2.1.jar;C:\Users\Михаил\.m2\repository\org\apache\httpcomponents\core5\httpcore5\5.2\httpcore5-5.2.jar;C:\Users\Михаил\.m2\repository\org\apache\httpcomponents\core5\httpcore5-h2\5.2\httpcore5-h2-5.2.jar;C:\Users\Михаил\.m2\repository\org\junit\vintage\junit-vintage-engine\5.7.2\junit-vintage-engine-5.7.2.jar;C:\Users\Михаил\.m2\repository\org\apiguardian\apiguardian-api\1.1.0\apiguardian-api-1.1.0.jar;C:\Users\Михаил\.m2\repository\org\junit\platform\junit-platform-engine\1.7.2\junit-platform-engine-1.7.2.jar;C:\Users\Михаил\.m2\repository\junit\junit\4.13\junit-4.13.jar;C:\Users\Михаил\.m2\repository\org\hamcrest\hamcrest-core\1.3\hamcrest-core-1.3.jar;C:\Users\Михаил\.m2\repository\io\qameta\allure\allure-junit5\2.17.0\allure-junit5-2.17.0.jar;C:\Users\Михаил\.m2\repository\io\qameta\allure\allure-junit-platform\2.17.0\allure-junit-platform-2.17.0.jar;C:\Users\Михаил\.m2\repository\org\junit\platform\junit-platform-launcher\1.8.2\junit-platform-launcher-1.8.2.jar;C:\Users\Михаил\.m2\repository\io\qameta\allure\allure-java-commons\2.17.0\allure-java-commons-2.17.0.jar;C:\Users\Михаил\.m2\repository\io\qameta\allure\allure-model\2.17.0\allure-model-2.17.0.jar;C:\Users\Михаил\.m2\repository\io\qameta\allure\allure-rest-assured\2.17.0\allure-rest-assured-2.17.0.jar;C:\Users\Михаил\.m2\repository\io\qameta\allure\allure-attachments\2.17.0\allure-attachments-2.17.0.jar;C:\Users\Михаил\.m2\repository\org\freemarker\freemarker\2.3.31\freemarker-2.3.31.jar;C:\Users\Михаил\.m2\repository\io\rest-assured\rest-assured\5.1.0\rest-assured-5.1.0.jar;C:\Users\Михаил\.m2\repository\org\apache\groovy\groovy\4.0.1\groovy-4.0.1.jar;C:\Users\Михаил\.m2\repository\org\apache\groovy\groovy-xml\4.0.1\groovy-xml-4.0.1.jar;C:\Users\Михаил\.m2\repository\org\apache\httpcomponents\httpclient\4.5.13\httpclient-4.5.13.jar;C:\Users\Михаил\.m2\repository\org\apache\httpcomponents\httpcore\4.4.13\httpcore-4.4.13.jar;C:\Users\Михаил\.m2\repository\commons-logging\commons-logging\1.2\commons-logging-1.2.jar;C:\Users\Михаил\.m2\repository\commons-codec\commons-codec\1.11\commons-codec-1.11.jar;C:\Users\Михаил\.m2\repository\org\apache\httpcomponents\httpmime\4.5.13\httpmime-4.5.13.jar;C:\Users\Михаил\.m2\repository\org\hamcrest\hamcrest\2.1\hamcrest-2.1.jar;C:\Users\Михаил\.m2\repository\org\ccil\cowan\tagsoup\tagsoup\1.2.1\tagsoup-1.2.1.jar;C:\Users\Михаил\.m2\repository\io\rest-assured\json-path\5.1.0\json-path-5.1.0.jar;C:\Users\Михаил\.m2\repository\org\apache\groovy\groovy-json\4.0.1\groovy-json-4.0.1.jar;C:\Users\Михаил\.m2\repository\io\rest-assured\rest-assured-common\5.1.0\rest-assured-common-5.1.0.jar;C:\Users\Михаил\.m2\repository\io\rest-assured\xml-path\5.1.0\xml-path-5.1.0.jar;C:\Users\Михаил\.m2\repository\org\apache\maven\maven-plugin-api\3.6.3\maven-plugin-api-3.6.3.jar;C:\Users\Михаил\.m2\repository\org\apache\maven\maven-model\3.6.3\maven-model-3.6.3.jar;C:\Users\Михаил\.m2\repository\org\apache\maven\maven-artifact\3.6.3\maven-artifact-3.6.3.jar;C:\Users\Михаил\.m2\repository\org\eclipse\sisu\org.eclipse.sisu.plexus\0.3.4\org.eclipse.sisu.plexus-0.3.4.jar;C:\Users\Михаил\.m2\repository\javax\enterprise\cdi-api\1.0\cdi-api-1.0.jar;C:\Users\Михаил\.m2\repository\javax\annotation\jsr250-api\1.0\jsr250-api-1.0.jar;C:\Users\Михаил\.m2\repository\javax\inject\javax.inject\1\javax.inject-1.jar;C:\Users\Михаил\.m2\repository\org\eclipse\sisu\org.eclipse.sisu.inject\0.3.4\org.eclipse.sisu.inject-0.3.4.jar;C:\Users\Михаил\.m2\repository\org\codehaus\plexus\plexus-component-annotations\1.5.5\plexus-component-annotations-1.5.5.jar;C:\Users\Михаил\.m2\repository\org\codehaus\plexus\plexus-utils\3.2.1\plexus-utils-3.2.1.jar;C:\Users\Михаил\.m2\repository\org\codehaus\plexus\plexus-classworlds\2.6.0\plexus-classworlds-2.6.0.jar;"/>
    <property name="java.vm.vendor" value="Oracle Corporation"/>
    <property name="sun.arch.data.model" value="64"/>
    <property name="user.variant" value=""/>
    <property name="java.vendor.url" value="http://java.oracle.com/"/>
    <property name="user.timezone" value="Europe/Samara"/>
    <property name="java.vm.specification.version" value="1.8"/>
    <property name="os.name" value="Windows 10"/>
    <property name="user.country" value="RU"/>
    <property name="sun.java.launcher" value="SUN_STANDARD"/>
    <property name="sun.boot.library.path" value="C:\Program Files\Java\jdk-1.8\jre\bin"/>
    <property name="sun.java.command" value="C:\Users\Михаил\AppData\Local\Temp\surefire5910082215102227247\surefirebooter-20241002193120611_3.jar C:\Users\Михаил\AppData\Local\Temp\surefire5910082215102227247 2024-10-02T19-31-20_498-jvmRun1 surefire-20241002193120611_1tmp surefire_0-20241002193120611_2tmp"/>
    <property name="surefire.test.class.path" value="C:\Users\Михаил\IdeaProjects\Homework_10\target\test-classes;C:\Users\Михаил\IdeaProjects\Homework_10\target\classes;C:\Users\Михаил\.m2\repository\io\qameta\allure\allure-testng\2.17.3\allure-testng-2.17.3.jar;C:\Users\Михаил\.m2\repository\org\testng\testng\6.14.3\testng-6.14.3.jar;C:\Users\Михаил\.m2\repository\com\beust\jcommander\1.72\jcommander-1.72.jar;C:\Users\Михаил\.m2\repository\org\apache-extras\beanshell\bsh\2.0b6\bsh-2.0b6.jar;C:\Users\Михаил\.m2\repository\io\qameta\allure\allure-test-filter\2.17.3\allure-test-filter-2.17.3.jar;C:\Users\Михаил\.m2\repository\org\slf4j\slf4j-api\1.7.30\slf4j-api-1.7.30.jar;C:\Users\Михаил\.m2\repository\org\junit\jupiter\junit-jupiter\5.7.0\junit-jupiter-5.7.0.jar;C:\Users\Михаил\.m2\repository\org\junit\jupiter\junit-jupiter-api\5.7.0\junit-jupiter-api-5.7.0.jar;C:\Users\Михаил\.m2\repository\org\opentest4j\opentest4j\1.2.0\opentest4j-1.2.0.jar;C:\Users\Михаил\.m2\repository\org\junit\platform\junit-platform-commons\1.7.0\junit-platform-commons-1.7.0.jar;C:\Users\Михаил\.m2\repository\org\junit\jupiter\junit-jupiter-params\5.7.0\junit-jupiter-params-5.7.0.jar;C:\Users\Михаил\.m2\repository\org\junit\jupiter\junit-jupiter-engine\5.7.0\junit-jupiter-engine-5.7.0.jar;C:\Users\Михаил\.m2\repository\org\seleniumhq\selenium\selenium-java\3.141.59\selenium-java-3.141.59.jar;C:\Users\Михаил\.m2\repository\org\seleniumhq\selenium\selenium-api\3.141.59\selenium-api-3.141.59.jar;C:\Users\Михаил\.m2\repository\org\seleniumhq\selenium\selenium-chrome-driver\3.141.59\selenium-chrome-driver-3.141.59.jar;C:\Users\Михаил\.m2\repository\org\seleniumhq\selenium\selenium-edge-driver\3.141.59\selenium-edge-driver-3.141.59.jar;C:\Users\Михаил\.m2\repository\org\seleniumhq\selenium\selenium-firefox-driver\3.141.59\selenium-firefox-driver-3.141.59.jar;C:\Users\Михаил\.m2\repository\org\seleniumhq\selenium\selenium-ie-driver\3.141.59\selenium-ie-driver-3.141.59.jar;C:\Users\Михаил\.m2\repository\org\seleniumhq\selenium\selenium-opera-driver\3.141.59\selenium-opera-driver-3.141.59.jar;C:\Users\Михаил\.m2\repository\org\seleniumhq\selenium\selenium-remote-driver\3.141.59\selenium-remote-driver-3.141.59.jar;C:\Users\Михаил\.m2\repository\org\seleniumhq\selenium\selenium-safari-driver\3.141.59\selenium-safari-driver-3.141.59.jar;C:\Users\Михаил\.m2\repository\org\seleniumhq\selenium\selenium-support\3.141.59\selenium-support-3.141.59.jar;C:\Users\Михаил\.m2\repository\net\bytebuddy\byte-buddy\1.8.15\byte-buddy-1.8.15.jar;C:\Users\Михаил\.m2\repository\org\apache\commons\commons-exec\1.3\commons-exec-1.3.jar;C:\Users\Михаил\.m2\repository\com\google\guava\guava\25.0-jre\guava-25.0-jre.jar;C:\Users\Михаил\.m2\repository\com\google\code\findbugs\jsr305\1.3.9\jsr305-1.3.9.jar;C:\Users\Михаил\.m2\repository\org\checkerframework\checker-compat-qual\2.0.0\checker-compat-qual-2.0.0.jar;C:\Users\Михаил\.m2\repository\com\google\errorprone\error_prone_annotations\2.1.3\error_prone_annotations-2.1.3.jar;C:\Users\Михаил\.m2\repository\com\google\j2objc\j2objc-annotations\1.1\j2objc-annotations-1.1.jar;C:\Users\Михаил\.m2\repository\org\codehaus\mojo\animal-sniffer-annotations\1.14\animal-sniffer-annotations-1.14.jar;C:\Users\Михаил\.m2\repository\com\squareup\okhttp3\okhttp\3.11.0\okhttp-3.11.0.jar;C:\Users\Михаил\.m2\repository\com\squareup\okio\okio\1.14.0\okio-1.14.0.jar;C:\Users\Михаил\.m2\repository\io\github\bonigarcia\webdrivermanager\5.5.3\webdrivermanager-5.5.3.jar;C:\Users\Михаил\.m2\repository\com\google\code\gson\gson\2.10.1\gson-2.10.1.jar;C:\Users\Михаил\.m2\repository\com\github\docker-java\docker-java\3.3.3\docker-java-3.3.3.jar;C:\Users\Михаил\.m2\repository\com\github\docker-java\docker-java-core\3.3.3\docker-java-core-3.3.3.jar;C:\Users\Михаил\.m2\repository\com\github\docker-java\docker-java-api\3.3.3\docker-java-api-3.3.3.jar;C:\Users\Михаил\.m2\repository\com\fasterxml\jackson\core\jackson-annotations\2.10.3\jackson-annotations-2.10.3.jar;C:\Users\Михаил\.m2\repository\commons-io\commons-io\2.6\commons-io-2.6.jar;C:\Users\Михаил\.m2\repository\org\apache\commons\commons-compress\1.21\commons-compress-1.21.jar;C:\Users\Михаил\.m2\repository\com\fasterxml\jackson\core\jackson-databind\2.10.3\jackson-databind-2.10.3.jar;C:\Users\Михаил\.m2\repository\com\fasterxml\jackson\core\jackson-core\2.10.3\jackson-core-2.10.3.jar;C:\Users\Михаил\.m2\repository\org\bouncycastle\bcpkix-jdk18on\1.75\bcpkix-jdk18on-1.75.jar;C:\Users\Михаил\.m2\repository\org\bouncycastle\bcprov-jdk18on\1.75\bcprov-jdk18on-1.75.jar;C:\Users\Михаил\.m2\repository\org\bouncycastle\bcutil-jdk18on\1.75\bcutil-jdk18on-1.75.jar;C:\Users\Михаил\.m2\repository\org\slf4j\jcl-over-slf4j\1.7.30\jcl-over-slf4j-1.7.30.jar;C:\Users\Михаил\.m2\repository\com\github\docker-java\docker-java-transport-httpclient5\3.3.3\docker-java-transport-httpclient5-3.3.3.jar;C:\Users\Михаил\.m2\repository\com\github\docker-java\docker-java-transport\3.3.3\docker-java-transport-3.3.3.jar;C:\Users\Михаил\.m2\repository\net\java\dev\jna\jna\5.12.1\jna-5.12.1.jar;C:\Users\Михаил\.m2\repository\org\brotli\dec\0.1.2\dec-0.1.2.jar;C:\Users\Михаил\.m2\repository\org\apache\commons\commons-lang3\3.13.0\commons-lang3-3.13.0.jar;C:\Users\Михаил\.m2\repository\org\apache\httpcomponents\client5\httpclient5\5.2.1\httpclient5-5.2.1.jar;C:\Users\Михаил\.m2\repository\org\apache\httpcomponents\core5\httpcore5\5.2\httpcore5-5.2.jar;C:\Users\Михаил\.m2\repository\org\apache\httpcomponents\core5\httpcore5-h2\5.2\httpcore5-h2-5.2.jar;C:\Users\Михаил\.m2\repository\org\junit\vintage\junit-vintage-engine\5.7.2\junit-vintage-engine-5.7.2.jar;C:\Users\Михаил\.m2\repository\org\apiguardian\apiguardian-api\1.1.0\apiguardian-api-1.1.0.jar;C:\Users\Михаил\.m2\repository\org\junit\platform\junit-platform-engine\1.7.2\junit-platform-engine-1.7.2.jar;C:\Users\Михаил\.m2\repository\junit\junit\4.13\junit-4.13.jar;C:\Users\Михаил\.m2\repository\org\hamcrest\hamcrest-core\1.3\hamcrest-core-1.3.jar;C:\Users\Михаил\.m2\repository\io\qameta\allure\allure-junit5\2.17.0\allure-junit5-2.17.0.jar;C:\Users\Михаил\.m2\repository\io\qameta\allure\allure-junit-platform\2.17.0\allure-junit-platform-2.17.0.jar;C:\Users\Михаил\.m2\repository\org\junit\platform\junit-platform-launcher\1.8.2\junit-platform-launcher-1.8.2.jar;C:\Users\Михаил\.m2\repository\io\qameta\allure\allure-java-commons\2.17.0\allure-java-commons-2.17.0.jar;C:\Users\Михаил\.m2\repository\io\qameta\allure\allure-model\2.17.0\allure-model-2.17.0.jar;C:\Users\Михаил\.m2\repository\io\qameta\allure\allure-rest-assured\2.17.0\allure-rest-assured-2.17.0.jar;C:\Users\Михаил\.m2\repository\io\qameta\allure\allure-attachments\2.17.0\allure-attachments-2.17.0.jar;C:\Users\Михаил\.m2\repository\org\freemarker\freemarker\2.3.31\freemarker-2.3.31.jar;C:\Users\Михаил\.m2\repository\io\rest-assured\rest-assured\5.1.0\rest-assured-5.1.0.jar;C:\Users\Михаил\.m2\repository\org\apache\groovy\groovy\4.0.1\groovy-4.0.1.jar;C:\Users\Михаил\.m2\repository\org\apache\groovy\groovy-xml\4.0.1\groovy-xml-4.0.1.jar;C:\Users\Михаил\.m2\repository\org\apache\httpcomponents\httpclient\4.5.13\httpclient-4.5.13.jar;C:\Users\Михаил\.m2\repository\org\apache\httpcomponents\httpcore\4.4.13\httpcore-4.4.13.jar;C:\Users\Михаил\.m2\repository\commons-logging\commons-logging\1.2\commons-logging-1.2.jar;C:\Users\Михаил\.m2\repository\commons-codec\commons-codec\1.11\commons-codec-1.11.jar;C:\Users\Михаил\.m2\repository\org\apache\httpcomponents\httpmime\4.5.13\httpmime-4.5.13.jar;C:\Users\Михаил\.m2\repository\org\hamcrest\hamcrest\2.1\hamcrest-2.1.jar;C:\Users\Михаил\.m2\repository\org\ccil\cowan\tagsoup\tagsoup\1.2.1\tagsoup-1.2.1.jar;C:\Users\Михаил\.m2\repository\io\rest-assured\json-path\5.1.0\json-path-5.1.0.jar;C:\Users\Михаил\.m2\repository\org\apache\groovy\groovy-json\4.0.1\groovy-json-4.0.1.jar;C:\Users\Михаил\.m2\repository\io\rest-assured\rest-assured-common\5.1.0\rest-assured-common-5.1.0.jar;C:\Users\Михаил\.m2\repository\io\rest-assured\xml-path\5.1.0\xml-path-5.1.0.jar;C:\Users\Михаил\.m2\repository\org\apache\maven\maven-plugin-api\3.6.3\maven-plugin-api-3.6.3.jar;C:\Users\Михаил\.m2\repository\org\apache\maven\maven-model\3.6.3\maven-model-3.6.3.jar;C:\Users\Михаил\.m2\repository\org\apache\maven\maven-artifact\3.6.3\maven-artifact-3.6.3.jar;C:\Users\Михаил\.m2\repository\org\eclipse\sisu\org.eclipse.sisu.plexus\0.3.4\org.eclipse.sisu.plexus-0.3.4.jar;C:\Users\Михаил\.m2\repository\javax\enterprise\cdi-api\1.0\cdi-api-1.0.jar;C:\Users\Михаил\.m2\repository\javax\annotation\jsr250-api\1.0\jsr250-api-1.0.jar;C:\Users\Михаил\.m2\repository\javax\inject\javax.inject\1\javax.inject-1.jar;C:\Users\Михаил\.m2\repository\org\eclipse\sisu\org.eclipse.sisu.inject\0.3.4\org.eclipse.sisu.inject-0.3.4.jar;C:\Users\Михаил\.m2\repository\org\codehaus\plexus\plexus-component-annotations\1.5.5\plexus-component-annotations-1.5.5.jar;C:\Users\Михаил\.m2\repository\org\codehaus\plexus\plexus-utils\3.2.1\plexus-utils-3.2.1.jar;C:\Users\Михаил\.m2\repository\org\codehaus\plexus\plexus-classworlds\2.6.0\plexus-classworlds-2.6.0.jar;"/>
    <property name="sun.cpu.endian" value="little"/>
    <property name="allure.results.directory" value="C:\Users\Михаил\IdeaProjects\Homework_10\target/allure-results"/>
    <property name="user.home" value="C:\Users\Михаил"/>
    <property name="user.language" value="ru"/>
    <property name="java.specification.vendor" value="Oracle Corporation"/>
    <property name="java.home" value="C:\Program Files\Java\jdk-1.8\jre"/>
    <property name="basedir" value="C:\Users\Михаил\IdeaProjects\Homework_10"/>
    <property name="file.separator" value="\"/>
    <property name="line.separator" value="&#10;"/>
    <property name="java.vm.specification.vendor" value="Oracle Corporation"/>
    <property name="java.specification.name" value="Java Platform API Specification"/>
    <property name="java.awt.graphicsenv" value="sun.awt.Win32GraphicsEnvironment"/>
    <property name="surefire.real.class.path" value="C:\Users\Михаил\AppData\Local\Temp\surefire5910082215102227247\surefirebooter-20241002193120611_3.jar;C:\Users\Михаил\.m2\repository/org/aspectj/aspectjweaver/1.9.6/aspectjweaver-1.9.6.jar"/>
    <property name="sun.boot.class.path" value="C:\Program Files\Java\jdk-1.8\jre\lib\resources.jar;C:\Program Files\Java\jdk-1.8\jre\lib\rt.jar;C:\Program Files\Java\jdk-1.8\jre\lib\jsse.jar;C:\Program Files\Java\jdk-1.8\jre\lib\jce.jar;C:\Program Files\Java\jdk-1.8\jre\lib\charsets.jar;C:\Program Files\Java\jdk-1.8\jre\lib\jfr.jar;C:\Program Files\Java\jdk-1.8\jre\classes"/>
    <property name="user.script" value=""/>
    <property name="sun.management.compiler" value="HotSpot 64-Bit Tiered Compilers"/>
    <property name="java.runtime.version" value="1.8.0_401-b25"/>
    <property name="user.name" value="Михаил"/>
    <property name="path.separator" value=";"/>
    <property name="os.version" value="10.0"/>
    <property name="java.endorsed.dirs" value="C:\Program Files\Java\jdk-1.8\jre\lib\endorsed"/>
    <property name="java.runtime.name" value="Java(TM) SE Runtime Environment"/>
    <property name="file.encoding" value="Cp1251"/>
    <property name="java.vm.name" value="Java HotSpot(TM) 64-Bit Server VM"/>
    <property name="localRepository" value="C:\Users\Михаил\.m2\repository"/>
    <property name="java.vendor.url.bug" value="http://bugreport.sun.com/bugreport/"/>
    <property name="java.io.tmpdir" value="C:\Users\8FEE~1\AppData\Local\Temp\"/>
    <property name="java.version" value="1.8.0_401"/>
    <property name="user.dir" value="C:\Users\Михаил\IdeaProjects\Homework_10"/>
    <property name="os.arch" value="amd64"/>
    <property name="java.vm.specification.name" value="Java Virtual Machine Specification"/>
    <property name="java.awt.printerjob" value="sun.awt.windows.WPrinterJob"/>
    <property name="sun.os.patch.level" value=""/>
    <property name="java.library.path" value="C:\Program Files\Java\jdk-1.8\jre\bin;C:\Windows\Sun\Java\bin;C:\Windows\system32;C:\Windows;C:\Program Files (x86)\Common Files\Oracle\Java\javapath;C:\Windows\system32;C:\Windows;C:\Windows\System32\Wbem;C:\Windows\System32\WindowsPowerShell\v1.0\;C:\Windows\System32\OpenSSH\;C:\Program Files\NVIDIA Corporation\NVIDIA NvDLISR;C:\Program Files (x86)\NVIDIA Corporation\PhysX\Common;C:\Program Files (x86)\dotnet\;C:\Program Files\dotnet\;C:\Program Files\Git\cmd;C:\Program Files\Java\jdk-1.8\bin;C:\Users\Михаил\AppData\Local\Programs\Python\Python38\Scripts\;C:\Users\Михаил\AppData\Local\Programs\Python\Python38\;C:\Users\Михаил\AppData\Local\Microsoft\WindowsApps;C:\Users\Михаил\AppData\Local\GitHubDesktop\bin;E:\Apache Maven\apache-maven-3.9.9\bin;E:\Allure\2.30.0\allure-2.30.0\bin;;."/>
    <property name="java.vm.info" value="mixed mode"/>
    <property name="java.vendor" value="Oracle Corporation"/>
    <property name="java.vm.version" value="25.401-b25"/>
    <property name="java.specification.maintenance.version" value="5"/>
    <property name="java.ext.dirs" value="C:\Program Files\Java\jdk-1.8\jre\lib\ext;C:\Windows\Sun\Java\lib\ext"/>
    <property name="sun.io.unicode.encoding" value="UnicodeLittle"/>
    <property name="java.class.version" value="52.0"/>
  </properties>
  <testcase name="b_logoCheckTest" classname="mtsPageObjectTest" time="0.665">
    <system-out><![CDATA[Окно с куки не найденоExpected condition failed: waiting for visibility of element located by By.className: cookie__wrapper (tried for 5 second(s) with 500 milliseconds interval)
Build info: version: '3.141.59', revision: 'e82be7d358', time: '2018-11-14T08:17:03'
System info: host: 'MIXAIL', ip: '192.168.31.93', os.name: 'Windows 10', os.arch: 'amd64', os.version: '10.0', java.version: '1.8.0_401'
Driver info: org.openqa.selenium.chrome.ChromeDriver
Capabilities {acceptInsecureCerts: false, browserName: chrome, browserVersion: 129.0.6668.89, chrome: {chromedriverVersion: 129.0.6668.70 (df87d5cf12b1..., userDataDir: C:\Users\8FEE~1\AppData\Loc...}, fedcm:accounts: true, goog:chromeOptions: {debuggerAddress: localhost:55792}, javascriptEnabled: true, networkConnectionEnabled: false, pageLoadStrategy: normal, platform: WINDOWS, platformName: WINDOWS, proxy: Proxy(), setWindowRect: true, strictFileInteractability: false, timeouts: {implicit: 0, pageLoad: 300000, script: 30000}, unhandledPromptBehavior: dismiss and notify, webauthn:extension:credBlob: true, webauthn:extension:largeBlob: true, webauthn:extension:minPinLength: true, webauthn:extension:prf: true, webauthn:virtualAuthenticators: true}
Session ID: 08fdcffdfc7b369699fde64b7b387d5b
Логотип https://www.mts.by/local/templates/new_design/assets/html/images/pages/index/pay/visa.svg совпадает с https://www.mts.by/local/templates/new_design/assets/html/images/pages/index/pay/visa.svg

Логотип https://www.mts.by/local/templates/new_design/assets/html/images/pages/index/pay/visa-verified.svg совпадает с https://www.mts.by/local/templates/new_design/assets/html/images/pages/index/pay/visa-verified.svg

Логотип https://www.mts.by/local/templates/new_design/assets/html/images/pages/index/pay/mastercard.svg совпадает с https://www.mts.by/local/templates/new_design/assets/html/images/pages/index/pay/mastercard.svg

Логотип https://www.mts.by/local/templates/new_design/assets/html/images/pages/index/pay/mastercard-secure.svg совпадает с https://www.mts.by/local/templates/new_design/assets/html/images/pages/index/pay/mastercard-secure.svg

Логотип https://www.mts.by/local/templates/new_design/assets/html/images/pages/index/pay/belkart.svg совпадает с https://www.mts.by/local/templates/new_design/assets/html/images/pages/index/pay/belkart.svg

]]></system-out>
    <system-err><![CDATA[SLF4J: Failed to load class "org.slf4j.impl.StaticLoggerBinder".
SLF4J: Defaulting to no-operation (NOP) logger implementation
SLF4J: See http://www.slf4j.org/codes.html#StaticLoggerBinder for further details.
Starting ChromeDriver 129.0.6668.70 (df87d5cf12b1397be7495a04cab2db6239b227a8-refs/branch-heads/6668@{#1420}) on port 21178
Only local connections are allowed.
Please see https://chromedriver.chromium.org/security-considerations for suggestions on keeping ChromeDriver safe.
ChromeDriver was started successfully on port 21178.
окт 02, 2024 7:31:24 PM org.openqa.selenium.remote.ProtocolHandshake createSession
INFO: Detected dialect: W3C
]]></system-err>
  </testcase>
  <testcase name="c_linkTest" classname="mtsPageObjectTest" time="1.636">
    <system-out><![CDATA[Переход по ссылке успешно проведён

]]></system-out>
  </testcase>
  <testcase name="d_captionFieldTest" classname="mtsPageObjectTest" time="1.035">
    <system-out><![CDATA[Надпись в поле Номер телефона совпала с Номер телефона
Надпись в поле Сумма совпала с Сумма
Надпись в поле E-mail для отправки чека совпала с E-mail для отправки чека
Надпись в поле Номер абонента совпала с Номер абонента
Надпись в поле Сумма совпала с Сумма
Надпись в поле E-mail для отправки чека совпала с E-mail для отправки чека
Надпись в поле Номер счета на 44 совпала с Номер счета на 44
Надпись в поле Сумма совпала с Сумма
Надпись в поле E-mail для отправки чека совпала с E-mail для отправки чека
Надпись в поле Номер счета на 2073 совпала с Номер счета на 2073
Надпись в поле Сумма совпала с Сумма
Надпись в поле E-mail для отправки чека совпала с E-mail для отправки чека

]]></system-out>
  </testcase>
  <testcase name="e_FieldsAndButtons" classname="mtsPageObjectTest" time="3.488">
    <system-out><![CDATA[

]]></system-out>
  </testcase>
  <testcase name="f_fieldsOfCardTest" classname="mtsPageObjectTest" time="0.253">
    <system-out><![CDATA[Надпись в поле Номер карты совпала с Номер карты

Надпись в поле Срок действия совпала с Срок действия

Надпись в поле CVC совпала с CVC

Надпись в поле Имя держателя (как на карте) совпала с Имя держателя (как на карте)

]]></system-out>
  </testcase>
  <testcase name="g_cardImgTest" classname="mtsPageObjectTest" time="0.476">
    <system-out><![CDATA[Логотип https://checkout.bepaid.by/widget_v2/assets/images/payment-icons/card-types/visa-system.svg совпадает с https://checkout.bepaid.by/widget_v2/assets/images/payment-icons/card-types/visa-system.svg

Логотип https://checkout.bepaid.by/widget_v2/assets/images/payment-icons/card-types/mastercard-system.svg совпадает с https://checkout.bepaid.by/widget_v2/assets/images/payment-icons/card-types/mastercard-system.svg

Логотип https://checkout.bepaid.by/widget_v2/assets/images/payment-icons/card-types/belkart-system.svg совпадает с https://checkout.bepaid.by/widget_v2/assets/images/payment-icons/card-types/belkart-system.svg

Логотип https://checkout.bepaid.by/widget_v2/assets/images/payment-icons/card-types/maestro-system.svg совпадает с https://checkout.bepaid.by/widget_v2/assets/images/payment-icons/card-types/maestro-system.svg

Логотип https://checkout.bepaid.by/widget_v2/assets/images/payment-icons/card-types/mir-system-ru.svg совпадает с https://checkout.bepaid.by/widget_v2/assets/images/payment-icons/card-types/mir-system-ru.svg

]]></system-out>
  </testcase>
</testsuite>